#
# There is insufficient memory for the Java Runtime Environment to continue.
# Native memory allocation (malloc) failed to allocate 32744 bytes for ChunkPool::allocate
# Possible reasons:
#   The system is out of physical RAM or swap space
#   In 32 bit mode, the process size limit was hit
# Possible solutions:
#   Reduce memory load on the system
#   Increase physical memory or swap space
#   Check if swap backing store is full
#   Use 64 bit Java on a 64 bit OS
#   Decrease Java heap size (-Xmx/-Xms)
#   Decrease number of Java threads
#   Decrease Java thread stack sizes (-Xss)
#   Set larger code cache with -XX:ReservedCodeCacheSize=
# This output file may be truncated or incomplete.
#
#  Out of Memory Error (allocation.cpp:273), pid=12652, tid=0x00000000000002b0
#
# JRE version: Java(TM) SE Runtime Environment (8.0_151-b12) (build 1.8.0_151-b12)
# Java VM: Java HotSpot(TM) 64-Bit Server VM (25.151-b12 mixed mode windows-amd64 compressed oops)
# Failed to write core dump. Minidumps are not enabled by default on client versions of Windows
#

---------------  T H R E A D  ---------------

Current thread (0x000000001a64b800):  JavaThread "C1 CompilerThread3" daemon [_thread_in_vm, id=688, stack(0x000000001ae00000,0x000000001af00000)]

Stack: [0x000000001ae00000,0x000000001af00000]
[error occurred during error reporting (printing stack bounds), id 0xc0000005]

Native frames: (J=compiled Java code, j=interpreted, Vv=VM code, C=native code)


Current CompileTask:
C1:   9335 3579       1       java.lang.invoke.AbstractValidatingLambdaMetafactory::validateMetafactoryArgs (864 bytes)


---------------  P R O C E S S  ---------------

Java Threads: ( => current thread )
  0x000000001d6cf000 JavaThread "RMI TCP Connection(4)-127.0.0.1" daemon [_thread_in_native, id=17208, stack(0x000000001fa80000,0x000000001fb80000)]
  0x000000001d6cb800 JavaThread "RMI TCP Connection(3)-127.0.0.1" daemon [_thread_in_native, id=14292, stack(0x000000001f880000,0x000000001f980000)]
  0x000000001d6c7800 JavaThread "DestroyJavaVM" [_thread_blocked, id=7524, stack(0x00000000030b0000,0x00000000031b0000)]
  0x000000001d6cd800 JavaThread "http-nio-11451-Acceptor" daemon [_thread_in_native, id=17300, stack(0x000000001f780000,0x000000001f880000)]
  0x000000001d6cd000 JavaThread "http-nio-11451-ClientPoller" daemon [_thread_in_native, id=14332, stack(0x000000001f680000,0x000000001f780000)]
  0x000000001d6c8800 JavaThread "http-nio-11451-exec-10" daemon [_thread_blocked, id=13736, stack(0x000000001f580000,0x000000001f680000)]
  0x000000001d6ca800 JavaThread "http-nio-11451-exec-9" daemon [_thread_blocked, id=12152, stack(0x000000001f480000,0x000000001f580000)]
  0x000000001d6c9000 JavaThread "http-nio-11451-exec-8" daemon [_thread_blocked, id=16216, stack(0x000000001f380000,0x000000001f480000)]
  0x000000001d6cc000 JavaThread "http-nio-11451-exec-7" daemon [_thread_blocked, id=6316, stack(0x000000001f280000,0x000000001f380000)]
  0x000000001a645800 JavaThread "http-nio-11451-exec-6" daemon [_thread_blocked, id=11360, stack(0x000000001f180000,0x000000001f280000)]
  0x000000001a649000 JavaThread "http-nio-11451-exec-5" daemon [_thread_blocked, id=9368, stack(0x000000001f080000,0x000000001f180000)]
  0x000000001a64a800 JavaThread "http-nio-11451-exec-4" daemon [_thread_blocked, id=2668, stack(0x000000001ef80000,0x000000001f080000)]
  0x000000001a64a000 JavaThread "http-nio-11451-exec-3" daemon [_thread_blocked, id=8524, stack(0x000000001ee80000,0x000000001ef80000)]
  0x000000001a648800 JavaThread "http-nio-11451-exec-2" daemon [_thread_blocked, id=6912, stack(0x000000001ed80000,0x000000001ee80000)]
  0x000000001a64c000 JavaThread "http-nio-11451-exec-1" daemon [_thread_in_native, id=2260, stack(0x000000001ec80000,0x000000001ed80000)]
  0x000000001a646000 JavaThread "http-nio-11451-BlockPoller" daemon [_thread_in_native, id=8576, stack(0x000000001eb80000,0x000000001ec80000)]
  0x000000001cfda800 JavaThread "container-0" [_thread_blocked, id=9496, stack(0x000000001e480000,0x000000001e580000)]
  0x000000001cfda000 JavaThread "Catalina-utility-2" [_thread_blocked, id=4848, stack(0x000000001c5b0000,0x000000001c6b0000)]
  0x000000001cfd9000 JavaThread "Catalina-utility-1" [_thread_blocked, id=1992, stack(0x000000001beb0000,0x000000001bfb0000)]
  0x000000001b4f6000 JavaThread "RMI TCP Connection(2)-127.0.0.1" daemon [_thread_in_native, id=13064, stack(0x000000001c3b0000,0x000000001c4b0000)]
  0x000000001b4a6800 JavaThread "RMI Scheduler(0)" daemon [_thread_blocked, id=3176, stack(0x000000001c2b0000,0x000000001c3b0000)]
  0x000000001b4bf800 JavaThread "RMI TCP Connection(1)-127.0.0.1" daemon [_thread_in_native, id=3680, stack(0x000000001c1b0000,0x000000001c2b0000)]
  0x000000001b234000 JavaThread "RMI TCP Accept-0" daemon [_thread_in_native, id=10384, stack(0x000000001ba00000,0x000000001bb00000)]
  0x000000001b221800 JavaThread "RMI TCP Accept-11585" daemon [_thread_in_native, id=15872, stack(0x000000001b900000,0x000000001ba00000)]
  0x000000001b219800 JavaThread "RMI TCP Accept-0" daemon [_thread_in_native, id=12608, stack(0x000000001b800000,0x000000001b900000)]
  0x000000001a6f4000 JavaThread "Service Thread" daemon [_thread_blocked, id=9020, stack(0x000000001af00000,0x000000001b000000)]
=>0x000000001a64b800 JavaThread "C1 CompilerThread3" daemon [_thread_in_vm, id=688, stack(0x000000001ae00000,0x000000001af00000)]
  0x000000001a647000 JavaThread "C2 CompilerThread2" daemon [_thread_blocked, id=13036, stack(0x000000001ad00000,0x000000001ae00000)]
  0x000000001a642800 JavaThread "C2 CompilerThread1" daemon [_thread_blocked, id=11312, stack(0x000000001ac00000,0x000000001ad00000)]
  0x000000001a640000 JavaThread "C2 CompilerThread0" daemon [_thread_blocked, id=8656, stack(0x000000001ab00000,0x000000001ac00000)]
  0x000000001a63e800 JavaThread "Monitor Ctrl-Break" daemon [_thread_in_native, id=5300, stack(0x000000001aa00000,0x000000001ab00000)]
  0x000000001a33f000 JavaThread "Attach Listener" daemon [_thread_blocked, id=1340, stack(0x000000001a900000,0x000000001aa00000)]
  0x000000001a33e800 JavaThread "Signal Dispatcher" daemon [_thread_blocked, id=5616, stack(0x000000001a800000,0x000000001a900000)]
  0x000000001a320800 JavaThread "Finalizer" daemon [_thread_blocked, id=11496, stack(0x000000001a700000,0x000000001a800000)]
  0x000000001843e000 JavaThread "Reference Handler" daemon [_thread_blocked, id=11768, stack(0x000000001a200000,0x000000001a300000)]

Other Threads:
  0x00000000032ae000 VMThread [stack: 0x000000001a100000,0x000000001a200000] [id=9468]
  0x000000001b235800 WatcherThread [stack: 0x000000001bb00000,0x000000001bc00000] [id=3356]

VM state:not at safepoint (normal execution)

VM Mutex/Monitor currently owned by a thread: None

Heap:
 PSYoungGen      total 113152K, used 63359K [0x00000000d5e00000, 0x00000000e0e00000, 0x0000000100000000)
  eden space 103424K, 61% used [0x00000000d5e00000,0x00000000d9bdfc28,0x00000000dc300000)
  from space 9728K, 0% used [0x00000000dc300000,0x00000000dc300000,0x00000000dcc80000)
  to   space 11264K, 0% used [0x00000000e0300000,0x00000000e0300000,0x00000000e0e00000)
 ParOldGen       total 87552K, used 14865K [0x0000000081a00000, 0x0000000086f80000, 0x00000000d5e00000)
  object space 87552K, 16% used [0x0000000081a00000,0x0000000082884490,0x0000000086f80000)
 Metaspace       used 36861K, capacity 38920K, committed 39000K, reserved 1085440K
  class space    used 5088K, capacity 5465K, committed 5504K, reserved 1048576K

Card table byte_map: [0x0000000012870000,0x0000000012c70000] byte_map_base: 0x0000000012463000

Marking Bits: (ParMarkBitMap*) 0x000000006e64d850
 Begin Bits: [0x0000000013720000, 0x00000000156b8000)
 End Bits:   [0x00000000156b8000, 0x0000000017650000)

Polling page: 0x00000000013c0000

CodeCache: size=245760Kb used=7121Kb max_used=7121Kb free=238638Kb
 bounds [0x00000000034b0000, 0x0000000003bb0000, 0x00000000124b0000]
 total_blobs=4040 nmethods=3578 adapters=374
 compilation: enabled

Compilation events (10 events):
Event: 9.315 Thread 0x000000001a64b800 nmethod 3574 0x0000000003ba3150 code [0x0000000003ba32a0, 0x0000000003ba33b0]
Event: 9.321 Thread 0x000000001a64b800 3575       1       sun.reflect.generics.reflectiveObjects.WildcardTypeImpl::getUpperBounds (72 bytes)
Event: 9.321 Thread 0x000000001a64b800 nmethod 3575 0x0000000003ba3410 code [0x0000000003ba35a0, 0x0000000003ba3998]
Event: 9.322 Thread 0x000000001a64b800 3576       1       jdk.internal.org.objectweb.asm.MethodVisitor::visitMaxs (17 bytes)
Event: 9.322 Thread 0x000000001a64b800 nmethod 3576 0x0000000003ba3b90 code [0x0000000003ba3ce0, 0x0000000003ba3e28]
Event: 9.322 Thread 0x000000001a64b800 3577       1       jdk.internal.org.objectweb.asm.MethodVisitor::visitEnd (15 bytes)
Event: 9.322 Thread 0x000000001a64b800 nmethod 3577 0x0000000003ba3e90 code [0x0000000003ba3fe0, 0x0000000003ba4128]
Event: 9.329 Thread 0x000000001a64b800 3578   !   1       com.sun.proxy.$Proxy16::annotationType (29 bytes)
Event: 9.329 Thread 0x000000001a64b800 nmethod 3578 0x0000000003ba4190 code [0x0000000003ba4300, 0x0000000003ba4518]
Event: 9.332 Thread 0x000000001a64b800 3579       1       java.lang.invoke.AbstractValidatingLambdaMetafactory::validateMetafactoryArgs (864 bytes)

GC Heap History (10 events):
Event: 2.670 GC heap before
{Heap before GC invocations=5 (full 1):
 PSYoungGen      total 71680K, used 5096K [0x00000000d5e00000, 0x00000000da900000, 0x0000000100000000)
  eden space 66560K, 0% used [0x00000000d5e00000,0x00000000d5e00000,0x00000000d9f00000)
  from space 5120K, 99% used [0x00000000da400000,0x00000000da8fa020,0x00000000da900000)
  to   space 5120K, 0% used [0x00000000d9f00000,0x00000000d9f00000,0x00000000da400000)
 ParOldGen       total 87552K, used 5897K [0x0000000081a00000, 0x0000000086f80000, 0x00000000d5e00000)
  object space 87552K, 6% used [0x0000000081a00000,0x0000000081fc26e0,0x0000000086f80000)
 Metaspace       used 20372K, capacity 21112K, committed 21248K, reserved 1067008K
  class space    used 2735K, capacity 2950K, committed 3072K, reserved 1048576K
Event: 2.720 GC heap after
Heap after GC invocations=5 (full 1):
 PSYoungGen      total 71680K, used 0K [0x00000000d5e00000, 0x00000000da900000, 0x0000000100000000)
  eden space 66560K, 0% used [0x00000000d5e00000,0x00000000d5e00000,0x00000000d9f00000)
  from space 5120K, 0% used [0x00000000da400000,0x00000000da400000,0x00000000da900000)
  to   space 5120K, 0% used [0x00000000d9f00000,0x00000000d9f00000,0x00000000da400000)
 ParOldGen       total 56832K, used 7330K [0x0000000081a00000, 0x0000000085180000, 0x00000000d5e00000)
  object space 56832K, 12% used [0x0000000081a00000,0x0000000082128990,0x0000000085180000)
 Metaspace       used 20371K, capacity 21106K, committed 21248K, reserved 1067008K
  class space    used 2735K, capacity 2949K, committed 3072K, reserved 1048576K
}
Event: 3.306 GC heap before
{Heap before GC invocations=6 (full 1):
 PSYoungGen      total 71680K, used 66560K [0x00000000d5e00000, 0x00000000da900000, 0x0000000100000000)
  eden space 66560K, 100% used [0x00000000d5e00000,0x00000000d9f00000,0x00000000d9f00000)
  from space 5120K, 0% used [0x00000000da400000,0x00000000da400000,0x00000000da900000)
  to   space 5120K, 0% used [0x00000000d9f00000,0x00000000d9f00000,0x00000000da400000)
 ParOldGen       total 56832K, used 7330K [0x0000000081a00000, 0x0000000085180000, 0x00000000d5e00000)
  object space 56832K, 12% used [0x0000000081a00000,0x0000000082128990,0x0000000085180000)
 Metaspace       used 23553K, capacity 24514K, committed 24704K, reserved 1071104K
  class space    used 3228K, capacity 3433K, committed 3456K, reserved 1048576K
Event: 3.311 GC heap after
Heap after GC invocations=6 (full 1):
 PSYoungGen      total 71680K, used 5115K [0x00000000d5e00000, 0x00000000dd600000, 0x0000000100000000)
  eden space 66560K, 0% used [0x00000000d5e00000,0x00000000d5e00000,0x00000000d9f00000)
  from space 5120K, 99% used [0x00000000d9f00000,0x00000000da3fec48,0x00000000da400000)
  to   space 8704K, 0% used [0x00000000dcd80000,0x00000000dcd80000,0x00000000dd600000)
 ParOldGen       total 56832K, used 8819K [0x0000000081a00000, 0x0000000085180000, 0x00000000d5e00000)
  object space 56832K, 15% used [0x0000000081a00000,0x000000008229cf38,0x0000000085180000)
 Metaspace       used 23553K, capacity 24514K, committed 24704K, reserved 1071104K
  class space    used 3228K, capacity 3433K, committed 3456K, reserved 1048576K
}
Event: 4.051 GC heap before
{Heap before GC invocations=7 (full 1):
 PSYoungGen      total 71680K, used 71675K [0x00000000d5e00000, 0x00000000dd600000, 0x0000000100000000)
  eden space 66560K, 100% used [0x00000000d5e00000,0x00000000d9f00000,0x00000000d9f00000)
  from space 5120K, 99% used [0x00000000d9f00000,0x00000000da3fec48,0x00000000da400000)
  to   space 8704K, 0% used [0x00000000dcd80000,0x00000000dcd80000,0x00000000dd600000)
 ParOldGen       total 56832K, used 8819K [0x0000000081a00000, 0x0000000085180000, 0x00000000d5e00000)
  object space 56832K, 15% used [0x0000000081a00000,0x000000008229cf38,0x0000000085180000)
 Metaspace       used 28280K, capacity 29886K, committed 30080K, reserved 1075200K
  class space    used 3872K, capacity 4185K, committed 4224K, reserved 1048576K
Event: 4.059 GC heap after
Heap after GC invocations=7 (full 1):
 PSYoungGen      total 111616K, used 8680K [0x00000000d5e00000, 0x00000000dd600000, 0x0000000100000000)
  eden space 102912K, 0% used [0x00000000d5e00000,0x00000000d5e00000,0x00000000dc280000)
  from space 8704K, 99% used [0x00000000dcd80000,0x00000000dd5fa258,0x00000000dd600000)
  to   space 9728K, 0% used [0x00000000dc300000,0x00000000dc300000,0x00000000dcc80000)
 ParOldGen       total 56832K, used 9287K [0x0000000081a00000, 0x0000000085180000, 0x00000000d5e00000)
  object space 56832K, 16% used [0x0000000081a00000,0x0000000082311f80,0x0000000085180000)
 Metaspace       used 28280K, capacity 29886K, committed 30080K, reserved 1075200K
  class space    used 3872K, capacity 4185K, committed 4224K, reserved 1048576K
}
Event: 4.582 GC heap before
{Heap before GC invocations=8 (full 1):
 PSYoungGen      total 111616K, used 70591K [0x00000000d5e00000, 0x00000000dd600000, 0x0000000100000000)
  eden space 102912K, 60% used [0x00000000d5e00000,0x00000000d9a75a20,0x00000000dc280000)
  from space 8704K, 99% used [0x00000000dcd80000,0x00000000dd5fa258,0x00000000dd600000)
  to   space 9728K, 0% used [0x00000000dc300000,0x00000000dc300000,0x00000000dcc80000)
 ParOldGen       total 56832K, used 9287K [0x0000000081a00000, 0x0000000085180000, 0x00000000d5e00000)
  object space 56832K, 16% used [0x0000000081a00000,0x0000000082311f80,0x0000000085180000)
 Metaspace       used 33669K, capacity 35328K, committed 35416K, reserved 1079296K
  class space    used 4624K, capacity 4964K, committed 4992K, reserved 1048576K
Event: 4.592 GC heap after
Heap after GC invocations=8 (full 1):
 PSYoungGen      total 113152K, used 9727K [0x00000000d5e00000, 0x00000000e0e00000, 0x0000000100000000)
  eden space 103424K, 0% used [0x00000000d5e00000,0x00000000d5e00000,0x00000000dc300000)
  from space 9728K, 99% used [0x00000000dc300000,0x00000000dcc7fef0,0x00000000dcc80000)
  to   space 11264K, 0% used [0x00000000e0300000,0x00000000e0300000,0x00000000e0e00000)
 ParOldGen       total 56832K, used 9875K [0x0000000081a00000, 0x0000000085180000, 0x00000000d5e00000)
  object space 56832K, 17% used [0x0000000081a00000,0x00000000823a4fb8,0x0000000085180000)
 Metaspace       used 33669K, capacity 35328K, committed 35416K, reserved 1079296K
  class space    used 4624K, capacity 4964K, committed 4992K, reserved 1048576K
}
Event: 4.592 GC heap before
{Heap before GC invocations=9 (full 2):
 PSYoungGen      total 113152K, used 9727K [0x00000000d5e00000, 0x00000000e0e00000, 0x0000000100000000)
  eden space 103424K, 0% used [0x00000000d5e00000,0x00000000d5e00000,0x00000000dc300000)
  from space 9728K, 99% used [0x00000000dc300000,0x00000000dcc7fef0,0x00000000dcc80000)
  to   space 11264K, 0% used [0x00000000e0300000,0x00000000e0300000,0x00000000e0e00000)
 ParOldGen       total 56832K, used 9875K [0x0000000081a00000, 0x0000000085180000, 0x00000000d5e00000)
  object space 56832K, 17% used [0x0000000081a00000,0x00000000823a4fb8,0x0000000085180000)
 Metaspace       used 33669K, capacity 35328K, committed 35416K, reserved 1079296K
  class space    used 4624K, capacity 4964K, committed 4992K, reserved 1048576K
Event: 4.643 GC heap after
Heap after GC invocations=9 (full 2):
 PSYoungGen      total 113152K, used 0K [0x00000000d5e00000, 0x00000000e0e00000, 0x0000000100000000)
  eden space 103424K, 0% used [0x00000000d5e00000,0x00000000d5e00000,0x00000000dc300000)
  from space 9728K, 0% used [0x00000000dc300000,0x00000000dc300000,0x00000000dcc80000)
  to   space 11264K, 0% used [0x00000000e0300000,0x00000000e0300000,0x00000000e0e00000)
 ParOldGen       total 87552K, used 14865K [0x0000000081a00000, 0x0000000086f80000, 0x00000000d5e00000)
  object space 87552K, 16% used [0x0000000081a00000,0x0000000082884490,0x0000000086f80000)
 Metaspace       used 33669K, capacity 35328K, committed 35416K, reserved 1079296K
  class space    used 4624K, capacity 4964K, committed 4992K, reserved 1048576K
}

Deoptimization events (0 events):
No events

Internal exceptions (10 events):
Event: 4.826 Thread 0x00000000031b8000 Exception <a 'java/lang/ArrayIndexOutOfBoundsException'> (0x00000000d7775108) thrown at [C:\re\workspace\8-2-build-windows-amd64-cygwin\jdk8u151\9699\hotspot\src\share\vm\runtime\sharedRuntime.cpp, line 605]
Event: 4.827 Thread 0x00000000031b8000 Exception <a 'java/lang/ArrayIndexOutOfBoundsException'> (0x00000000d777f508) thrown at [C:\re\workspace\8-2-build-windows-amd64-cygwin\jdk8u151\9699\hotspot\src\share\vm\runtime\sharedRuntime.cpp, line 605]
Event: 4.859 Thread 0x00000000031b8000 Exception <a 'java/lang/ArrayIndexOutOfBoundsException'> (0x00000000d7c006d8) thrown at [C:\re\workspace\8-2-build-windows-amd64-cygwin\jdk8u151\9699\hotspot\src\share\vm\runtime\sharedRuntime.cpp, line 605]
Event: 4.888 Thread 0x00000000031b8000 Exception <a 'java/lang/ArrayIndexOutOfBoundsException'> (0x00000000d7ff6028) thrown at [C:\re\workspace\8-2-build-windows-amd64-cygwin\jdk8u151\9699\hotspot\src\share\vm\runtime\sharedRuntime.cpp, line 605]
Event: 4.889 Thread 0x00000000031b8000 Exception <a 'java/lang/ArrayIndexOutOfBoundsException'> (0x00000000d7ff9960) thrown at [C:\re\workspace\8-2-build-windows-amd64-cygwin\jdk8u151\9699\hotspot\src\share\vm\runtime\sharedRuntime.cpp, line 605]
Event: 4.897 Thread 0x00000000031b8000 Exception <a 'java/lang/ArrayIndexOutOfBoundsException'> (0x00000000d80ffbd0) thrown at [C:\re\workspace\8-2-build-windows-amd64-cygwin\jdk8u151\9699\hotspot\src\share\vm\runtime\sharedRuntime.cpp, line 605]
Event: 4.910 Thread 0x00000000031b8000 Exception <a 'java/lang/ArrayIndexOutOfBoundsException'> (0x00000000d821f318) thrown at [C:\re\workspace\8-2-build-windows-amd64-cygwin\jdk8u151\9699\hotspot\src\share\vm\runtime\sharedRuntime.cpp, line 605]
Event: 4.910 Thread 0x00000000031b8000 Exception <a 'java/lang/ArrayIndexOutOfBoundsException'> (0x00000000d82281b0) thrown at [C:\re\workspace\8-2-build-windows-amd64-cygwin\jdk8u151\9699\hotspot\src\share\vm\runtime\sharedRuntime.cpp, line 605]
Event: 4.910 Thread 0x00000000031b8000 Exception <a 'java/lang/ArrayIndexOutOfBoundsException'> (0x00000000d8229d90) thrown at [C:\re\workspace\8-2-build-windows-amd64-cygwin\jdk8u151\9699\hotspot\src\share\vm\runtime\sharedRuntime.cpp, line 605]
Event: 4.910 Thread 0x00000000031b8000 Exception <a 'java/lang/ArrayIndexOutOfBoundsException'> (0x00000000d822b990) thrown at [C:\re\workspace\8-2-build-windows-amd64-cygwin\jdk8u151\9699\hotspot\src\share\vm\runtime\sharedRuntime.cpp, line 605]

Events (10 events):
Event: 9.332 loading class org/springframework/web/context/request/async/AsyncWebRequest
Event: 9.332 loading class org/springframework/web/context/request/async/AsyncWebRequest done
Event: 9.333 loading class javax/servlet/AsyncListener
Event: 9.333 loading class javax/servlet/AsyncListener done
Event: 9.333 loading class org/springframework/web/context/request/async/AsyncWebRequest
Event: 9.333 loading class org/springframework/web/context/request/async/AsyncWebRequest done
Event: 9.333 loading class org/springframework/web/context/request/async/AsyncWebRequest
Event: 9.333 loading class org/springframework/web/context/request/async/AsyncWebRequest done
Event: 9.333 loading class org/springframework/aop/framework/AdvisedSupport$MethodCacheKey
Event: 9.333 loading class org/springframework/aop/framework/AdvisedSupport$MethodCacheKey done


Dynamic libraries:
0x00007ff7a6af0000 - 0x00007ff7a6b27000 	C:\Program Files\Java\jdk1.8.0_151\bin\java.exe
0x00007ffd11120000 - 0x00007ffd11310000 	C:\WINDOWS\SYSTEM32\ntdll.dll
0x00007ffd0f720000 - 0x00007ffd0f7d2000 	C:\WINDOWS\System32\KERNEL32.DLL
0x00007ffd0ee70000 - 0x00007ffd0f113000 	C:\WINDOWS\System32\KERNELBASE.dll
0x00007ffd10db0000 - 0x00007ffd10e53000 	C:\WINDOWS\System32\ADVAPI32.dll
0x00007ffd10f40000 - 0x00007ffd10fde000 	C:\WINDOWS\System32\msvcrt.dll
0x00007ffd10fe0000 - 0x00007ffd11077000 	C:\WINDOWS\System32\sechost.dll
0x00007ffd0f870000 - 0x00007ffd0f990000 	C:\WINDOWS\System32\RPCRT4.dll
0x00007ffd10860000 - 0x00007ffd109f4000 	C:\WINDOWS\System32\USER32.dll
0x00007ffd0e4a0000 - 0x00007ffd0e4c1000 	C:\WINDOWS\System32\win32u.dll
0x00007ffd107c0000 - 0x00007ffd107e6000 	C:\WINDOWS\System32\GDI32.dll
0x00007ffd0e4d0000 - 0x00007ffd0e664000 	C:\WINDOWS\System32\gdi32full.dll
0x00007ffd0e200000 - 0x00007ffd0e29e000 	C:\WINDOWS\System32\msvcp_win.dll
0x00007ffd0e3a0000 - 0x00007ffd0e49a000 	C:\WINDOWS\System32\ucrtbase.dll
0x00007ffcfd2d0000 - 0x00007ffcfd555000 	C:\WINDOWS\WinSxS\amd64_microsoft.windows.common-controls_6595b64144ccf1df_6.0.18362.418_none_e6c6b287130d565d\COMCTL32.dll
0x00007ffd0f1d0000 - 0x00007ffd0f506000 	C:\WINDOWS\System32\combase.dll
0x00007ffd0e2a0000 - 0x00007ffd0e320000 	C:\WINDOWS\System32\bcryptPrimitives.dll
0x00007ffd10580000 - 0x00007ffd105ae000 	C:\WINDOWS\System32\IMM32.DLL
0x000000006f560000 - 0x000000006f632000 	C:\Program Files\Java\jdk1.8.0_151\jre\bin\msvcr100.dll
0x000000006de30000 - 0x000000006e6cd000 	C:\Program Files\Java\jdk1.8.0_151\jre\bin\server\jvm.dll
0x00007ffd0f860000 - 0x00007ffd0f868000 	C:\WINDOWS\System32\PSAPI.DLL
0x00007ffd0a970000 - 0x00007ffd0a994000 	C:\WINDOWS\SYSTEM32\WINMM.dll
0x00007ffcf3240000 - 0x00007ffcf3249000 	C:\WINDOWS\SYSTEM32\WSOCK32.dll
0x00007ffd028e0000 - 0x00007ffd028ea000 	C:\WINDOWS\SYSTEM32\VERSION.dll
0x00007ffd105b0000 - 0x00007ffd1061f000 	C:\WINDOWS\System32\WS2_32.dll
0x00007ffd0a940000 - 0x00007ffd0a96d000 	C:\WINDOWS\SYSTEM32\winmmbase.dll
0x00007ffd0edf0000 - 0x00007ffd0ee3a000 	C:\WINDOWS\System32\cfgmgr32.dll
0x000000006f7c0000 - 0x000000006f7cf000 	C:\Program Files\Java\jdk1.8.0_151\jre\bin\verify.dll
0x000000006f790000 - 0x000000006f7b9000 	C:\Program Files\Java\jdk1.8.0_151\jre\bin\java.dll
0x000000006f760000 - 0x000000006f783000 	C:\Program Files\Java\jdk1.8.0_151\jre\bin\instrument.dll
0x000000006f740000 - 0x000000006f756000 	C:\Program Files\Java\jdk1.8.0_151\jre\bin\zip.dll
0x00007ffd0f990000 - 0x00007ffd10075000 	C:\WINDOWS\System32\SHELL32.dll
0x00007ffd0f510000 - 0x00007ffd0f5b9000 	C:\WINDOWS\System32\shcore.dll
0x00007ffd0e670000 - 0x00007ffd0edef000 	C:\WINDOWS\System32\windows.storage.dll
0x00007ffd0e090000 - 0x00007ffd0e0af000 	C:\WINDOWS\System32\profapi.dll
0x00007ffd0e040000 - 0x00007ffd0e08a000 	C:\WINDOWS\System32\powrprof.dll
0x00007ffd0dff0000 - 0x00007ffd0e000000 	C:\WINDOWS\System32\UMPDC.dll
0x00007ffd10d50000 - 0x00007ffd10da2000 	C:\WINDOWS\System32\shlwapi.dll
0x00007ffd0e020000 - 0x00007ffd0e031000 	C:\WINDOWS\System32\kernel.appcore.dll
0x00007ffd0e380000 - 0x00007ffd0e397000 	C:\WINDOWS\System32\cryptsp.dll
0x00007ffd042c0000 - 0x00007ffd042da000 	D:\Program Files\JetBrains\IntelliJ IDEA 2017.3.2\bin\breakgen64.dll
0x000000006f720000 - 0x000000006f73a000 	C:\Program Files\Java\jdk1.8.0_151\jre\bin\net.dll
0x00007ffd0d860000 - 0x00007ffd0d8c7000 	C:\WINDOWS\system32\mswsock.dll
0x000000006f550000 - 0x000000006f55d000 	C:\Program Files\Java\jdk1.8.0_151\jre\bin\management.dll
0x000000006ef80000 - 0x000000006ef91000 	C:\Program Files\Java\jdk1.8.0_151\jre\bin\nio.dll
0x00007ffcf53e0000 - 0x00007ffcf53f6000 	C:\WINDOWS\system32\napinsp.dll
0x00007ffcf4f60000 - 0x00007ffcf4f7a000 	C:\WINDOWS\system32\pnrpnsp.dll
0x00007ffd0d5b0000 - 0x00007ffd0d67a000 	C:\WINDOWS\SYSTEM32\DNSAPI.dll
0x00007ffd10570000 - 0x00007ffd10578000 	C:\WINDOWS\System32\NSI.dll
0x00007ffd0d570000 - 0x00007ffd0d5aa000 	C:\WINDOWS\SYSTEM32\IPHLPAPI.DLL
0x00007ffcf91d0000 - 0x00007ffcf91de000 	C:\WINDOWS\System32\winrnr.dll
0x00007ffd0a4f0000 - 0x00007ffd0a50c000 	C:\WINDOWS\system32\NLAapi.dll
0x00007ffd09290000 - 0x00007ffd092a5000 	C:\WINDOWS\system32\wshbth.dll
0x00007ffd06800000 - 0x00007ffd0680a000 	C:\Windows\System32\rasadhlp.dll
0x00007ffd01e80000 - 0x00007ffd01ef7000 	C:\WINDOWS\System32\fwpuclnt.dll
0x00007ffd0ee40000 - 0x00007ffd0ee66000 	C:\WINDOWS\System32\bcrypt.dll
0x00007ffd0d3d0000 - 0x00007ffd0d403000 	C:\WINDOWS\system32\rsaenh.dll
0x00007ffd0dee0000 - 0x00007ffd0df05000 	C:\WINDOWS\SYSTEM32\USERENV.dll
0x00007ffd0da30000 - 0x00007ffd0da3c000 	C:\WINDOWS\SYSTEM32\CRYPTBASE.dll
0x00007ffd02810000 - 0x00007ffd02826000 	C:\WINDOWS\SYSTEM32\dhcpcsvc6.DLL
0x00007ffd027f0000 - 0x00007ffd0280c000 	C:\WINDOWS\SYSTEM32\dhcpcsvc.DLL

VM Arguments:
jvm_args: -XX:TieredStopAtLevel=1 -Xverify:none -Dspring.output.ansi.enabled=always -Dcom.sun.management.jmxremote -Dcom.sun.management.jmxremote.port=11585 -Dcom.sun.management.jmxremote.authenticate=false -Dcom.sun.management.jmxremote.ssl=false -Djava.rmi.server.hostname=localhost -Dspring.liveBeansView.mbeanDomain -Dspring.application.admin.enabled=true -javaagent:D:\Program Files\JetBrains\IntelliJ IDEA 2017.3.2\lib\idea_rt.jar=11586:D:\Program Files\JetBrains\IntelliJ IDEA 2017.3.2\bin -Dfile.encoding=UTF-8 
java_command: com.example.Application
java_class_path (initial): C:\Program Files\Java\jdk1.8.0_151\jre\lib\charsets.jar;C:\Program Files\Java\jdk1.8.0_151\jre\lib\deploy.jar;C:\Program Files\Java\jdk1.8.0_151\jre\lib\ext\access-bridge-64.jar;C:\Program Files\Java\jdk1.8.0_151\jre\lib\ext\cldrdata.jar;C:\Program Files\Java\jdk1.8.0_151\jre\lib\ext\dnsns.jar;C:\Program Files\Java\jdk1.8.0_151\jre\lib\ext\jaccess.jar;C:\Program Files\Java\jdk1.8.0_151\jre\lib\ext\jfxrt.jar;C:\Program Files\Java\jdk1.8.0_151\jre\lib\ext\localedata.jar;C:\Program Files\Java\jdk1.8.0_151\jre\lib\ext\nashorn.jar;C:\Program Files\Java\jdk1.8.0_151\jre\lib\ext\sunec.jar;C:\Program Files\Java\jdk1.8.0_151\jre\lib\ext\sunjce_provider.jar;C:\Program Files\Java\jdk1.8.0_151\jre\lib\ext\sunmscapi.jar;C:\Program Files\Java\jdk1.8.0_151\jre\lib\ext\sunpkcs11.jar;C:\Program Files\Java\jdk1.8.0_151\jre\lib\ext\zipfs.jar;C:\Program Files\Java\jdk1.8.0_151\jre\lib\javaws.jar;C:\Program Files\Java\jdk1.8.0_151\jre\lib\jce.jar;C:\Program Files\Java\jdk1.8.0_151\jre\lib\jfr.jar;C:\Program Files\Java\jdk1.8.0_151\jre\lib\jfxswt.jar;C:\Program Files\Java\jdk1.8.0_151\jre\lib\jsse.jar;C:\Program Files\Java\jdk1.8.0_151\jre\lib\management-agent.jar;C:\Program Files\Java\jdk1.8.0_151\jre\lib\plugin.jar;C:\Program Files\Java\jdk1.8.0_151\jre\lib\resources.jar;C:\Program Files\Java\jdk1.8.0_151\jre\lib\rt.jar;D:\hyf\code\stepbystep\gs-rest-service-master\complete\target\classes;C:\Users\Administrator.LAPTOP-08OIT9K9\.m2\repository\org\springframework\boot\spring-boot-starter-jdbc\2.2.1.RELEASE\spring-boot-starter-jdbc-2.2.1.RELEASE.jar;C:\Users\Administrator.LAPTOP-08OIT9K9\.m2\repository\org\springframework\boot\spring-boot-starter\2.2.1.RELEASE\spring-boot-starter-2.2.1.RELEASE.jar;C:\Users\Administrator.LAPTOP-08OIT9K9\.m2\repository\org\springframework\boot\spring-boot\2.2.1.RELEASE\spring-boot-2.2.1.RELEASE.jar;C:\Users\Administrator.LAPTOP-08OIT9K9\.m2\repository\org\springframework\boot\spring-boot-autoconfigure\2.2.1.RELEASE\spring-boot-a
Launcher Type: SUN_STANDARD

Environment Variables:
JAVA_HOME=C:\Program Files\Java\jdk1.8.0_151
CLASSPATH=E:\download\mysql-connector-java-5.1.46\mysql-connector-java-5.1.46.jar;C:\apache-ant-1.10.1\lib;
USERNAME=Administrator
OS=Windows_NT
PROCESSOR_IDENTIFIER=Intel64 Family 6 Model 158 Stepping 9, GenuineIntel



---------------  S Y S T E M  ---------------

OS: Windows 10.0 , 64 bit Build 18362 (10.0.18362.329)

CPU:total 8 (initial active 8) (4 cores per cpu, 2 threads per core) family 6 model 158 stepping 9, cmov, cx8, fxsr, mmx, sse, sse2, sse3, ssse3, sse4.1, sse4.2, popcnt, avx, avx2, aes, clmul, erms, 3dnowpref, lzcnt, ht, tsc, tscinvbit, bmi1, bmi2, adx

Memory: 4k page, physical 8278180k(1311740k free), swap 10375332k(5156k free)

vm_info: Java HotSpot(TM) 64-Bit Server VM (25.151-b12) for windows-amd64 JRE (1.8.0_151-b12), built on Sep  5 2017 19:33:46 by "java_re" with MS VC++ 10.0 (VS2010)

time: Thu Dec 12 10:21:36 2019
elapsed time: 9 seconds (0d 0h 0m 9s)

